2024-11-23 07:00:03,169 - INFO - Запуск скрипта.
2024-11-23 07:00:03,169 - INFO - Начало авто коммита.
2024-11-23 07:00:03,235 - INFO - Перешёл в директорию репозитория: \_teach\_obsidian\Riman
2024-11-23 07:00:07,438 - INFO - Добавлены все изменения в индекс.
2024-11-23 07:00:09,684 - INFO - Создан коммит с сообщением: Auto-commit: 2024-11-23 07:00:07
2024-11-23 07:00:20,360 - INFO - Изменения отправлены в удалённый репозиторий.
2024-11-23 07:00:20,375 - INFO - Автокоммит завершён успешно.
2024-11-24 07:00:01,997 - INFO - Запуск скрипта.
2024-11-24 07:00:02,005 - INFO - Начало авто коммита.
2024-11-24 07:00:02,056 - INFO - Перешёл в директорию репозитория: \_teach\_obsidian\Riman
2024-11-24 07:00:03,603 - INFO - Добавлены все изменения в индекс.
2024-11-24 07:00:04,352 - INFO - Создан коммит с сообщением: Auto-commit: 2024-11-24 07:00:03
2024-11-24 07:00:10,825 - INFO - Изменения отправлены в удалённый репозиторий.
2024-11-24 07:00:10,826 - INFO - Автокоммит завершён успешно.
2024-11-25 07:00:02,957 - INFO - Запуск скрипта.
2024-11-25 07:00:02,974 - INFO - Начало авто коммита.
2024-11-25 07:00:03,005 - INFO - Перешёл в директорию репозитория: \_teach\_obsidian\Riman
2024-11-25 07:00:03,573 - INFO - Добавлены все изменения в индекс.
2024-11-25 07:00:03,912 - ERROR - Ошибка выполнения команды: Command '['git', 'commit', '-m', 'Auto-commit: 2024-11-25 07:00:03']' returned non-zero exit status 1.
Traceback (most recent call last):
  File "D:\_teach\_prog\_prog_git\Education\py_commit\git_auto_commit_obsidian.py", line 40, in auto_commit
    subprocess.run(['git', 'commit', '-m', commit_message], check=True)
  File "C:\Program Files\WindowsApps\PythonSoftwareFoundation.Python.3.9_3.9.3568.0_x64__qbz5n2kfra8p0\lib\subprocess.py", line 528, in run
    raise CalledProcessError(retcode, process.args,
subprocess.CalledProcessError: Command '['git', 'commit', '-m', 'Auto-commit: 2024-11-25 07:00:03']' returned non-zero exit status 1.
2024-11-26 07:00:01,682 - INFO - Запуск скрипта.
2024-11-26 07:00:01,689 - INFO - Начало авто коммита.
2024-11-26 07:00:01,698 - INFO - Перешёл в директорию репозитория: \_teach\_obsidian\Riman
2024-11-26 07:00:04,802 - INFO - Добавлены все изменения в индекс.
2024-11-26 07:00:06,777 - INFO - Создан коммит с сообщением: Auto-commit: 2024-11-26 07:00:04
2024-11-26 07:00:13,296 - INFO - Изменения отправлены в удалённый репозиторий.
2024-11-26 07:00:13,299 - INFO - Автокоммит завершён успешно.
